Using pre-set license
Built from '2020.3/staging' branch; Version is '2020.3.25f1 (9b9180224418) revision 10195328'; Using compiler version '192528614'; Build Type 'Release'
OS: 'Windows 10  (10.0.19044) 64bit Core' Language: 'en' Physical Memory: 12171 MB
BatchMode: 1, IsHumanControllingUs: 0, StartBugReporterOnCrash: 0, Is64bit: 1, IsPro: 0

COMMAND LINE ARGUMENTS:
C:\Program Files\Unity\Hub\Editor\2020.3.25f1\Editor\Unity.exe
-adb2
-batchMode
-noUpm
-name
AssetImportWorker0
-projectPath
F:/Projects/VIdeo Games/MiniJam 111/minijam111/Minijam
-logFile
Logs/AssetImportWorker0.log
-srvPort
55025
Successfully changed project path to: F:/Projects/VIdeo Games/MiniJam 111/minijam111/Minijam
F:/Projects/VIdeo Games/MiniJam 111/minijam111/Minijam
Using Asset Import Pipeline V2.
Refreshing native plugins compatible for Editor in 70.06 ms, found 2 plugins.
Preloading 0 native plugins for Editor in 0.00 ms.
Initialize engine version: 2020.3.25f1 (9b9180224418)
[Subsystems] Discovering subsystems at path C:/Program Files/Unity/Hub/Editor/2020.3.25f1/Editor/Data/Resources/UnitySubsystems
[Subsystems] Discovering subsystems at path F:/Projects/VIdeo Games/MiniJam 111/minijam111/Minijam/Assets
GfxDevice: creating device client; threaded=0
Direct3D:
    Version:  Direct3D 11.0 [level 11.0]
    Renderer: NVIDIA GeForce GTX 750 Ti (ID=0x1380)
    Vendor:   
    VRAM:     2007 MB
    Driver:   27.21.14.5671
Initialize mono
Mono path[0] = 'C:/Program Files/Unity/Hub/Editor/2020.3.25f1/Editor/Data/Managed'
Mono path[1] = 'C:/Program Files/Unity/Hub/Editor/2020.3.25f1/Editor/Data/MonoBleedingEdge/lib/mono/unityjit'
Mono config path = 'C:/Program Files/Unity/Hub/Editor/2020.3.25f1/Editor/Data/MonoBleedingEdge/etc'
Using monoOptions --debugger-agent=transport=dt_socket,embedding=1,server=y,suspend=n,address=127.0.0.1:56400
Begin MonoManager ReloadAssembly
Registering precompiled unity dll's ...
Register platform support module: C:/Program Files/Unity/Hub/Editor/2020.3.25f1/Editor/Data/PlaybackEngines/WindowsStandaloneSupport/UnityEditor.WindowsStandalone.Extensions.dll
Registered in 0.003358 seconds.
Native extension for WindowsStandalone target not found
Refreshing native plugins compatible for Editor in 55.69 ms, found 2 plugins.
Preloading 0 native plugins for Editor in 0.00 ms.
Mono: successfully reloaded assembly
- Completed reload, in  0.718 seconds
Domain Reload Profiling:
	ReloadAssembly (719ms)
		BeginReloadAssembly (72ms)
			ExecutionOrderSort (0ms)
			DisableScriptedObjects (0ms)
			BackupInstance (0ms)
			ReleaseScriptingObjects (0ms)
			CreateAndSetChildDomain (1ms)
		EndReloadAssembly (557ms)
			LoadAssemblies (68ms)
			RebuildTransferFunctionScriptingTraits (0ms)
			SetupTypeCache (198ms)
			ReleaseScriptCaches (0ms)
			RebuildScriptCaches (35ms)
			SetupLoadedEditorAssemblies (199ms)
				LogAssemblyErrors (0ms)
				InitializePlatformSupportModulesInManaged (5ms)
				SetLoadedEditorAssemblies (0ms)
				RefreshPlugins (56ms)
				BeforeProcessingInitializeOnLoad (17ms)
				ProcessInitializeOnLoadAttributes (90ms)
				ProcessInitializeOnLoadMethodAttributes (31ms)
				AfterProcessingInitializeOnLoad (0ms)
				EditorAssembliesLoaded (0ms)
			ExecutionOrderSort2 (0ms)
			AwakeInstancesAfterBackupRestoration (0ms)
Platform modules already initialized, skipping
Registering precompiled user dll's ...
Registered in 0.004790 seconds.
Begin MonoManager ReloadAssembly
Symbol file data-0000017D7A474020 doesn't match image F:\Projects\VIdeo Games\MiniJam 111\minijam111\Minijam\Library\ScriptAssemblies\Unity.ShaderGraph.Editor.dll
Symbol file LoadedFromMemory is not a mono symbol file
Symbol file data-0000017D7A89A090 doesn't match image F:\Projects\VIdeo Games\MiniJam 111\minijam111\Minijam\Library\ScriptAssemblies\Unity.Services.Core.Editor.dll
Symbol file LoadedFromMemory is not a mono symbol file
Symbol file data-0000017D7A41E030 doesn't match image F:\Projects\VIdeo Games\MiniJam 111\minijam111\Minijam\Library\ScriptAssemblies\Unity.VSCode.Editor.dll
Symbol file LoadedFromMemory is not a mono symbol file
Symbol file data-0000017D7531AF60 doesn't match image F:\Projects\VIdeo Games\MiniJam 111\minijam111\Minijam\Library\ScriptAssemblies\Unity.RenderPipelines.Universal.Shaders.dll
Symbol file LoadedFromMemory is not a mono symbol file
Symbol file data-0000017D75D61020 doesn't match image F:\Projects\VIdeo Games\MiniJam 111\minijam111\Minijam\Library\ScriptAssemblies\Unity.RenderPipelines.Universal.Editor.dll
Symbol file LoadedFromMemory is not a mono symbol file
Symbol file data-0000017D75207020 doesn't match image F:\Projects\VIdeo Games\MiniJam 111\minijam111\Minijam\Library\ScriptAssemblies\Unity.RenderPipelines.Universal.Runtime.dll
Symbol file LoadedFromMemory is not a mono symbol file
Symbol file data-0000017D75D61020 doesn't match image F:\Projects\VIdeo Games\MiniJam 111\minijam111\Minijam\Library\ScriptAssemblies\Unity.TextMeshPro.Editor.dll
Symbol file LoadedFromMemory is not a mono symbol file
Symbol file data-0000017D75D76830 doesn't match image F:\Projects\VIdeo Games\MiniJam 111\minijam111\Minijam\Library\ScriptAssemblies\Unity.VisualStudio.Editor.dll
Symbol file LoadedFromMemory is not a mono symbol file
Symbol file data-0000017D7A6E2240 doesn't match image F:\Projects\VIdeo Games\MiniJam 111\minijam111\Minijam\Library\ScriptAssemblies\UnityEngine.TestRunner.dll
Symbol file LoadedFromMemory is not a mono symbol file
Symbol file data-0000017D7AC11E90 doesn't match image F:\Projects\VIdeo Games\MiniJam 111\minijam111\Minijam\Library\ScriptAssemblies\Unity.RenderPipeline.Universal.ShaderLibrary.dll
Symbol file LoadedFromMemory is not a mono symbol file
Symbol file data-0000017D7A655020 doesn't match image F:\Projects\VIdeo Games\MiniJam 111\minijam111\Minijam\Library\ScriptAssemblies\Unity.Timeline.Editor.dll
Symbol file LoadedFromMemory is not a mono symbol file
Symbol file data-0000017D75B74E20 doesn't match image F:\Projects\VIdeo Games\MiniJam 111\minijam111\Minijam\Library\ScriptAssemblies\Unity.Timeline.dll
Symbol file LoadedFromMemory is not a mono symbol file
Symbol file data-0000017D7AC11E90 doesn't match image F:\Projects\VIdeo Games\MiniJam 111\minijam111\Minijam\Library\ScriptAssemblies\Unity.RenderPipelines.ShaderGraph.ShaderGraphLibrary.dll
Symbol file LoadedFromMemory is not a mono symbol file
Symbol file data-0000017D7A655020 doesn't match image F:\Projects\VIdeo Games\MiniJam 111\minijam111\Minijam\Library\ScriptAssemblies\Unity.TextMeshPro.dll
Symbol file LoadedFromMemory is not a mono symbol file
Symbol file data-0000017D7B1BE430 doesn't match image F:\Projects\VIdeo Games\MiniJam 111\minijam111\Minijam\Library\ScriptAssemblies\Unity.CollabProxy.Editor.dll
Symbol file LoadedFromMemory is not a mono symbol file
Symbol file data-0000017D755D2010 doesn't match image F:\Projects\VIdeo Games\MiniJam 111\minijam111\Minijam\Library\ScriptAssemblies\Unity.Mathematics.Editor.dll
Symbol file LoadedFromMemory is not a mono symbol file
Symbol file data-0000017D7AC5C030 doesn't match image F:\Projects\VIdeo Games\MiniJam 111\minijam111\Minijam\Library\ScriptAssemblies\Unity.Searcher.Editor.dll
Symbol file LoadedFromMemory is not a mono symbol file
Symbol file data-0000017D79D70230 doesn't match image F:\Projects\VIdeo Games\MiniJam 111\minijam111\Minijam\Library\ScriptAssemblies\UnityEditor.TestRunner.dll
Symbol file LoadedFromMemory is not a mono symbol file
Symbol file data-0000017D7A67D630 doesn't match image F:\Projects\VIdeo Games\MiniJam 111\minijam111\Minijam\Library\ScriptAssemblies\Unity.RenderPipelines.Core.Runtime.dll
Symbol file LoadedFromMemory is not a mono symbol file
Symbol file data-0000017D75652970 doesn't match image F:\Projects\VIdeo Games\MiniJam 111\minijam111\Minijam\Library\ScriptAssemblies\Unity.ShaderGraph.Utilities.dll
Symbol file LoadedFromMemory is not a mono symbol file
Symbol file data-0000017D75D76830 doesn't match image F:\Projects\VIdeo Games\MiniJam 111\minijam111\Minijam\Library\ScriptAssemblies\UnityEditor.UI.dll
Symbol file LoadedFromMemory is not a mono symbol file
Symbol file data-0000017D7A1A9020 doesn't match image F:\Projects\VIdeo Games\MiniJam 111\minijam111\Minijam\Library\ScriptAssemblies\Unity.PlasticSCM.Editor.dll
Symbol file LoadedFromMemory is not a mono symbol file
Symbol file data-0000017D7A89A090 doesn't match image F:\Projects\VIdeo Games\MiniJam 111\minijam111\Minijam\Library\ScriptAssemblies\Unity.Rider.Editor.dll
Symbol file LoadedFromMemory is not a mono symbol file
Symbol file data-0000017D75231840 doesn't match image F:\Projects\VIdeo Games\MiniJam 111\minijam111\Minijam\Library\ScriptAssemblies\Unity.RenderPipelines.Core.ShaderLibrary.dll
Symbol file LoadedFromMemory is not a mono symbol file
Symbol file data-0000017D79FC3010 doesn't match image F:\Projects\VIdeo Games\MiniJam 111\minijam111\Minijam\Library\ScriptAssemblies\UnityEngine.UI.dll
Symbol file LoadedFromMemory is not a mono symbol file
Symbol file data-0000017D79FC3010 doesn't match image F:\Projects\VIdeo Games\MiniJam 111\minijam111\Minijam\Library\ScriptAssemblies\Unity.RenderPipelines.Core.Editor.dll
Symbol file LoadedFromMemory is not a mono symbol file
Symbol file data-0000017D79F5D020 doesn't match image F:\Projects\VIdeo Games\MiniJam 111\minijam111\Minijam\Library\ScriptAssemblies\Unity.Mathematics.dll
Symbol file LoadedFromMemory is not a mono symbol file
Native extension for WindowsStandalone target not found
Refreshing native plugins compatible for Editor in 49.98 ms, found 2 plugins.
Preloading 0 native plugins for Editor in 0.00 ms.
Mono: successfully reloaded assembly
- Completed reload, in  1.328 seconds
Domain Reload Profiling:
	ReloadAssembly (1329ms)
		BeginReloadAssembly (179ms)
			ExecutionOrderSort (0ms)
			DisableScriptedObjects (5ms)
			BackupInstance (0ms)
			ReleaseScriptingObjects (0ms)
			CreateAndSetChildDomain (22ms)
		EndReloadAssembly (1059ms)
			LoadAssemblies (114ms)
			RebuildTransferFunctionScriptingTraits (0ms)
			SetupTypeCache (385ms)
			ReleaseScriptCaches (1ms)
			RebuildScriptCaches (48ms)
			SetupLoadedEditorAssemblies (396ms)
				LogAssemblyErrors (0ms)
				InitializePlatformSupportModulesInManaged (3ms)
				SetLoadedEditorAssemblies (0ms)
				RefreshPlugins (50ms)
				BeforeProcessingInitializeOnLoad (97ms)
				ProcessInitializeOnLoadAttributes (219ms)
				ProcessInitializeOnLoadMethodAttributes (11ms)
				AfterProcessingInitializeOnLoad (14ms)
				EditorAssembliesLoaded (0ms)
			ExecutionOrderSort2 (0ms)
			AwakeInstancesAfterBackupRestoration (7ms)
Platform modules already initialized, skipping
========================================================================
Worker process is ready to serve import requests
Launched and connected shader compiler UnityShaderCompiler.exe after 0.04 seconds
Refreshing native plugins compatible for Editor in 0.55 ms, found 2 plugins.
Preloading 0 native plugins for Editor in 0.00 ms.
Unloading 2808 Unused Serialized files (Serialized files now loaded: 0)
System memory in use before: 126.0 MB.
System memory in use after: 126.2 MB.

Unloading 20 unused Assets to reduce memory usage. Loaded Objects now: 3240.
Total: 4.645900 ms (FindLiveObjects: 0.219000 ms CreateObjectMapping: 0.108200 ms MarkObjects: 4.196800 ms  DeleteObjects: 0.120500 ms)

AssetImportParameters requested are different than current active one (requested -> active):
  custom:framework-win-MediaFoundation: 216162199b28c13a410421893ffa2e32 -> 
  custom:video-decoder-ogg-theora: a1e56fd34408186e4bbccfd4996cb3dc -> 
  custom:container-muxer-webm: aa71ff27fc2769a1b78a27578f13a17b -> 
  custom:container-demuxer-webm: 4f35f7cbe854078d1ac9338744f61a02 -> 
  custom:container-demuxer-ogg: 62fdf1f143b41e24485cea50d1cbac27 -> 
  custom:video-encoder-webm-vp8: eb34c28f22e8b96e1ab97ce403110664 -> 
  custom:video-decoder-webm-vp8: 9c59270c3fd7afecdb556c50c9e8de78 -> 
  custom:audio-decoder-ogg-vorbis: bf7c407c2cedff20999df2af8eb42d56 -> 
  custom:audio-encoder-webm-vorbis: bf7c407c2cedff20999df2af8eb42d56 -> 
========================================================================
Received Import Request.
  path: Assets/Readme.asset
  artifactKey: Guid(83c2ed844a8c74b779a4c823d16594b1) Importer(815301076,1909f56bfc062723c751e8b465ee728b)
Start importing Assets/Readme.asset using Guid(83c2ed844a8c74b779a4c823d16594b1) Importer(815301076,1909f56bfc062723c751e8b465ee728b)  -> (artifact id: '7c3b9f17ff219922461d349995487975') in 0.049643 seconds 
  Import took 0.056069 seconds .

========================================================================
Received Prepare
Registering precompiled user dll's ...
Registered in 0.094270 seconds.
Begin MonoManager ReloadAssembly
Native extension for WindowsStandalone target not found
Refreshing native plugins compatible for Editor in 1.83 ms, found 3 plugins.
Preloading 0 native plugins for Editor in 0.00 ms.
Mono: successfully reloaded assembly
- Completed reload, in  1.159 seconds
Domain Reload Profiling:
	ReloadAssembly (1159ms)
		BeginReloadAssembly (129ms)
			ExecutionOrderSort (0ms)
			DisableScriptedObjects (5ms)
			BackupInstance (0ms)
			ReleaseScriptingObjects (0ms)
			CreateAndSetChildDomain (37ms)
		EndReloadAssembly (958ms)
			LoadAssemblies (102ms)
			RebuildTransferFunctionScriptingTraits (0ms)
			SetupTypeCache (363ms)
			ReleaseScriptCaches (1ms)
			RebuildScriptCaches (41ms)
			SetupLoadedEditorAssemblies (333ms)
				LogAssemblyErrors (0ms)
				InitializePlatformSupportModulesInManaged (5ms)
				SetLoadedEditorAssemblies (1ms)
				RefreshPlugins (2ms)
				BeforeProcessingInitializeOnLoad (105ms)
				ProcessInitializeOnLoadAttributes (199ms)
				ProcessInitializeOnLoadMethodAttributes (9ms)
				AfterProcessingInitializeOnLoad (12ms)
				EditorAssembliesLoaded (0ms)
			ExecutionOrderSort2 (0ms)
			AwakeInstancesAfterBackupRestoration (11ms)
Platform modules already initialized, skipping
Refreshing native plugins compatible for Editor in 1.06 ms, found 3 plugins.
Preloading 0 native plugins for Editor in 0.00 ms.
Unloading 2826 Unused Serialized files (Serialized files now loaded: 0)
System memory in use before: 123.2 MB.
System memory in use after: 123.4 MB.

Unloading 74 unused Assets to reduce memory usage. Loaded Objects now: 3311.
Total: 3.527800 ms (FindLiveObjects: 0.373400 ms CreateObjectMapping: 0.123100 ms MarkObjects: 2.971300 ms  DeleteObjects: 0.058900 ms)

AssetImportParameters requested are different than current active one (requested -> active):
  custom:framework-win-MediaFoundation: 216162199b28c13a410421893ffa2e32 -> 
  custom:video-decoder-ogg-theora: a1e56fd34408186e4bbccfd4996cb3dc -> 
  custom:container-muxer-webm: aa71ff27fc2769a1b78a27578f13a17b -> 
  custom:container-demuxer-webm: 4f35f7cbe854078d1ac9338744f61a02 -> 
  custom:container-demuxer-ogg: 62fdf1f143b41e24485cea50d1cbac27 -> 
  custom:video-encoder-webm-vp8: eb34c28f22e8b96e1ab97ce403110664 -> 
  custom:video-decoder-webm-vp8: 9c59270c3fd7afecdb556c50c9e8de78 -> 
  custom:audio-decoder-ogg-vorbis: bf7c407c2cedff20999df2af8eb42d56 -> 
  custom:audio-encoder-webm-vorbis: bf7c407c2cedff20999df2af8eb42d56 -> 
========================================================================
Received Prepare
Registering precompiled user dll's ...
Registered in 0.007041 seconds.
Begin MonoManager ReloadAssembly
Fallback handler could not load library C:/Program Files/Unity/Hub/Editor/2020.3.25f1/Editor/Data/Mono/lib/fmodstudioL
Fallback handler could not load library C:/Program Files/Unity/Hub/Editor/2020.3.25f1/Editor/Data/Mono/lib/fmodstudioL.dll
Fallback handler could not load library C:/Program Files/Unity/Hub/Editor/2020.3.25f1/Editor/Data/Mono/lib/fmodstudioL
Fallback handler could not load library C:/Program Files/Unity/Hub/Editor/2020.3.25f1/Editor/Data/Mono/lib/libfmodstudioL
Fallback handler could not load library C:/Program Files/Unity/Hub/Editor/2020.3.25f1/Editor/Data/Mono/lib/libfmodstudioL.dll
Fallback handler could not load library C:/Program Files/Unity/Hub/Editor/2020.3.25f1/Editor/Data/Mono/lib/libfmodstudioL
Fallback handler could not load library C:/Program Files/Unity/Hub/Editor/2020.3.25f1/Editor/Data/Mono/lib/fmodstudioL
Fallback handler could not load library C:/Program Files/Unity/Hub/Editor/2020.3.25f1/Editor/Data/Mono/lib/fmodstudioL.dll
Fallback handler could not load library C:/Program Files/Unity/Hub/Editor/2020.3.25f1/Editor/Data/Mono/lib/fmodstudioL
Fallback handler could not load library C:/Program Files/Unity/Hub/Editor/2020.3.25f1/Editor/Data/Mono/lib/libfmodstudioL
Fallback handler could not load library C:/Program Files/Unity/Hub/Editor/2020.3.25f1/Editor/Data/Mono/lib/libfmodstudioL.dll
Fallback handler could not load library C:/Program Files/Unity/Hub/Editor/2020.3.25f1/Editor/Data/Mono/lib/libfmodstudioL
Native extension for WindowsStandalone target not found
Refreshing native plugins compatible for Editor in 0.95 ms, found 4 plugins.
Preloading 0 native plugins for Editor in 0.00 ms.
Mono: successfully reloaded assembly
- Completed reload, in  1.229 seconds
Domain Reload Profiling:
	ReloadAssembly (1229ms)
		BeginReloadAssembly (147ms)
			ExecutionOrderSort (0ms)
			DisableScriptedObjects (4ms)
			BackupInstance (0ms)
			ReleaseScriptingObjects (0ms)
			CreateAndSetChildDomain (42ms)
		EndReloadAssembly (1007ms)
			LoadAssemblies (113ms)
			RebuildTransferFunctionScriptingTraits (0ms)
			SetupTypeCache (381ms)
			ReleaseScriptCaches (2ms)
			RebuildScriptCaches (45ms)
			SetupLoadedEditorAssemblies (352ms)
				LogAssemblyErrors (0ms)
				InitializePlatformSupportModulesInManaged (4ms)
				SetLoadedEditorAssemblies (1ms)
				RefreshPlugins (1ms)
				BeforeProcessingInitializeOnLoad (97ms)
				ProcessInitializeOnLoadAttributes (221ms)
				ProcessInitializeOnLoadMethodAttributes (12ms)
				AfterProcessingInitializeOnLoad (15ms)
				EditorAssembliesLoaded (0ms)
			ExecutionOrderSort2 (0ms)
			AwakeInstancesAfterBackupRestoration (10ms)
Platform modules already initialized, skipping
Refreshing native plugins compatible for Editor in 1.27 ms, found 4 plugins.
Preloading 0 native plugins for Editor in 0.00 ms.
Unloading 2822 Unused Serialized files (Serialized files now loaded: 0)
System memory in use before: 123.0 MB.
System memory in use after: 123.3 MB.

Unloading 70 unused Assets to reduce memory usage. Loaded Objects now: 3313.
Total: 3.778200 ms (FindLiveObjects: 0.234200 ms CreateObjectMapping: 0.250400 ms MarkObjects: 3.260300 ms  DeleteObjects: 0.032500 ms)

AssetImportParameters requested are different than current active one (requested -> active):
  custom:framework-win-MediaFoundation: 216162199b28c13a410421893ffa2e32 -> 
  custom:video-decoder-ogg-theora: a1e56fd34408186e4bbccfd4996cb3dc -> 
  custom:container-muxer-webm: aa71ff27fc2769a1b78a27578f13a17b -> 
  custom:container-demuxer-webm: 4f35f7cbe854078d1ac9338744f61a02 -> 
  custom:container-demuxer-ogg: 62fdf1f143b41e24485cea50d1cbac27 -> 
  custom:video-encoder-webm-vp8: eb34c28f22e8b96e1ab97ce403110664 -> 
  custom:video-decoder-webm-vp8: 9c59270c3fd7afecdb556c50c9e8de78 -> 
  custom:audio-decoder-ogg-vorbis: bf7c407c2cedff20999df2af8eb42d56 -> 
  custom:audio-encoder-webm-vorbis: bf7c407c2cedff20999df2af8eb42d56 -> 
AssetImportWorkerClient::OnTransportError - code=2 error=End of file
